#
# There is insufficient memory for the Java Runtime Environment to continue.
# Native memory allocation (mmap) failed to map 266338304 bytes for G1 virtual space
# Possible reasons:
#   The system is out of physical RAM or swap space
#   The process is running with CompressedOops enabled, and the Java Heap may be blocking the growth of the native heap
# Possible solutions:
#   Reduce memory load on the system
#   Increase physical memory or swap space
#   Check if swap backing store is full
#   Decrease Java heap size (-Xmx/-Xms)
#   Decrease number of Java threads
#   Decrease Java thread stack sizes (-Xss)
#   Set larger code cache with -XX:ReservedCodeCacheSize=
#   JVM is running with Zero Based Compressed Oops mode in which the Java heap is
#     placed in the first 32GB address space. The Java Heap base address is the
#     maximum limit for the native heap growth. Please use -XX:HeapBaseMinAddress
#     to set the Java Heap base and to place the Java Heap above 32GB virtual address.
# This output file may be truncated or incomplete.
#
#  Out of Memory Error (os_windows.cpp:3557), pid=15872, tid=7444
#
# JRE version:  (17.0.6+10) (build )
# Java VM: OpenJDK 64-Bit Server VM (17.0.6+10, mixed mode, sharing, tiered, compressed oops, compressed class ptrs, g1 gc, windows-amd64)
# No core dump will be written. Minidumps are not enabled by default on client versions of Windows
#

---------------  S U M M A R Y ------------

Command Line: -Dfile.encoding=UTF-8 -XX:+ShowCodeDetailsInExceptionMessages Problem3

Host: Intel(R) Core(TM) i7-8565U CPU @ 1.80GHz, 8 cores, 15G,  Windows 11 , 64 bit Build 22621 (10.0.22621.3374)
Time: Thu May  9 20:25:50 2024 Eastern Summer Time elapsed time: 0.020450 seconds (0d 0h 0m 0s)

---------------  T H R E A D  ---------------

Current thread (0x000002254462b860):  JavaThread "Unknown thread" [_thread_in_vm, id=7444, stack(0x000000b7e5a00000,0x000000b7e5b00000)]

Stack: [0x000000b7e5a00000,0x000000b7e5b00000]
Native frames: (J=compiled Java code, j=interpreted, Vv=VM code, C=native code)
V  [jvm.dll+0x67741a]
V  [jvm.dll+0x834434]
V  [jvm.dll+0x835bde]
V  [jvm.dll+0x836243]
V  [jvm.dll+0x2457b5]
V  [jvm.dll+0x674329]
V  [jvm.dll+0x6689da]
V  [jvm.dll+0x30489b]
V  [jvm.dll+0x30bd96]
V  [jvm.dll+0x35b57e]
V  [jvm.dll+0x35b7af]
V  [jvm.dll+0x2db778]
V  [jvm.dll+0x2dc6e4]
V  [jvm.dll+0x806131]
V  [jvm.dll+0x369331]
V  [jvm.dll+0x7e56ac]
V  [jvm.dll+0x3eb35f]
V  [jvm.dll+0x3ecea1]
C  [jli.dll+0x5267]
C  [ucrtbase.dll+0x29333]
C  [KERNEL32.DLL+0x1257d]
C  [ntdll.dll+0x5aa48]


---------------  P R O C E S S  ---------------

Threads class SMR info:
_java_thread_list=0x00007ff90db85fd8, length=0, elements={
}

Java Threads: ( => current thread )

Other Threads:
  0x000002254469c140 GCTaskThread "GC Thread#0" [stack: 0x000000b7e5b00000,0x000000b7e5c00000] [id=22116]
  0x00000225446ae4c0 ConcurrentGCThread "G1 Main Marker" [stack: 0x000000b7e5c00000,0x000000b7e5d00000] [id=30884]
  0x00000225446aeed0 ConcurrentGCThread "G1 Conc#0" [stack: 0x000000b7e5d00000,0x000000b7e5e00000] [id=8668]

[error occurred during error reporting (printing all threads), id 0xc0000005, EXCEPTION_ACCESS_VIOLATION (0xc0000005) at pc=0x00007ff90d35c1e7]

VM state: not at safepoint (not fully initialized)

VM Mutex/Monitor currently owned by a thread:  ([mutex/lock_event])
[0x0000022544628460] Heap_lock - owner thread: 0x000002254462b860

Heap address: 0x0000000703600000, size: 4042 MB, Compressed Oops mode: Zero based, Oop shift amount: 3

CDS archive(s) mapped at: [0x0000000000000000-0x0000000000000000-0x0000000000000000), size 0, SharedBaseAddress: 0x0000000800000000, ArchiveRelocationMode: 0.
Narrow klass base: 0x0000000000000000, Narrow klass shift: 0, Narrow klass range: 0x0

GC Precious Log:
<Empty>

Heap:
 garbage-first heap   total 0K, used 0K [0x0000000703600000, 0x0000000800000000)
  region size 2048K, 0 young (0K), 0 survivors (0K)

[error occurred during error reporting (printing heap information), id 0xc0000005, EXCEPTION_ACCESS_VIOLATION (0xc0000005) at pc=0x00007ff90d7406f9]

GC Heap History (0 events):
No events

Dll operation events (1 events):
Event: 0.012 Loaded shared library C:\Users\cupca\.p2\pool\plugins\org.eclipse.justj.openjdk.hotspot.jre.full.win32.x86_64_17.0.6.v20230204-1729\jre\bin\java.dll

Deoptimization events (0 events):
No events

Classes unloaded (0 events):
No events

Classes redefined (0 events):
No events

Internal exceptions (0 events):
No events

VM Operations (0 events):
No events

Events (0 events):
No events


Dynamic libraries:
0x00007ff6bfe40000 - 0x00007ff6bfe4e000 	C:\Users\cupca\.p2\pool\plugins\org.eclipse.justj.openjdk.hotspot.jre.full.win32.x86_64_17.0.6.v20230204-1729\jre\bin\javaw.exe
0x00007ff97ab10000 - 0x00007ff97ad26000 	C:\WINDOWS\SYSTEM32\ntdll.dll
0x00007ff9797a0000 - 0x00007ff979864000 	C:\WINDOWS\System32\KERNEL32.DLL
0x00007ff978490000 - 0x00007ff978837000 	C:\WINDOWS\System32\KERNELBASE.dll
0x00007ff977f60000 - 0x00007ff978071000 	C:\WINDOWS\System32\ucrtbase.dll
0x00007ff94f0d0000 - 0x00007ff94f0e9000 	C:\Users\cupca\.p2\pool\plugins\org.eclipse.justj.openjdk.hotspot.jre.full.win32.x86_64_17.0.6.v20230204-1729\jre\bin\VCRUNTIME140.dll
0x00007ff94f450000 - 0x00007ff94f467000 	C:\Users\cupca\.p2\pool\plugins\org.eclipse.justj.openjdk.hotspot.jre.full.win32.x86_64_17.0.6.v20230204-1729\jre\bin\jli.dll
0x00007ff978c80000 - 0x00007ff978e2e000 	C:\WINDOWS\System32\USER32.dll
0x00007ff958130000 - 0x00007ff9583c3000 	C:\WINDOWS\WinSxS\amd64_microsoft.windows.common-controls_6595b64144ccf1df_6.0.22621.3235_none_270f74e173860f98\COMCTL32.dll
0x00007ff9780b0000 - 0x00007ff9780d6000 	C:\WINDOWS\System32\win32u.dll
0x00007ff978b70000 - 0x00007ff978c17000 	C:\WINDOWS\System32\msvcrt.dll
0x00007ff97a9a0000 - 0x00007ff97a9c9000 	C:\WINDOWS\System32\GDI32.dll
0x00007ff9782d0000 - 0x00007ff9783e9000 	C:\WINDOWS\System32\gdi32full.dll
0x00007ff9783f0000 - 0x00007ff97848a000 	C:\WINDOWS\System32\msvcp_win.dll
0x00007ff978980000 - 0x00007ff9789b1000 	C:\WINDOWS\System32\IMM32.DLL
0x00007ff94e530000 - 0x00007ff94e53c000 	C:\Users\cupca\.p2\pool\plugins\org.eclipse.justj.openjdk.hotspot.jre.full.win32.x86_64_17.0.6.v20230204-1729\jre\bin\vcruntime140_1.dll
0x00007ff9203e0000 - 0x00007ff920471000 	C:\Users\cupca\.p2\pool\plugins\org.eclipse.justj.openjdk.hotspot.jre.full.win32.x86_64_17.0.6.v20230204-1729\jre\bin\msvcp140.dll
0x00007ff90d070000 - 0x00007ff90dcb7000 	C:\Users\cupca\.p2\pool\plugins\org.eclipse.justj.openjdk.hotspot.jre.full.win32.x86_64_17.0.6.v20230204-1729\jre\bin\server\jvm.dll
0x00007ff9791a0000 - 0x00007ff979252000 	C:\WINDOWS\System32\ADVAPI32.dll
0x00007ff979260000 - 0x00007ff979308000 	C:\WINDOWS\System32\sechost.dll
0x00007ff978080000 - 0x00007ff9780a8000 	C:\WINDOWS\System32\bcrypt.dll
0x00007ff978850000 - 0x00007ff978965000 	C:\WINDOWS\System32\RPCRT4.dll
0x00007ff96eee0000 - 0x00007ff96ef14000 	C:\WINDOWS\SYSTEM32\WINMM.dll
0x00007ff95e3a0000 - 0x00007ff95e3a9000 	C:\WINDOWS\SYSTEM32\WSOCK32.dll
0x00007ff9634b0000 - 0x00007ff9634ba000 	C:\WINDOWS\SYSTEM32\VERSION.dll
0x00007ff97a7a0000 - 0x00007ff97a811000 	C:\WINDOWS\System32\WS2_32.dll
0x00007ff976e30000 - 0x00007ff976e48000 	C:\WINDOWS\SYSTEM32\kernel.appcore.dll
0x00007ff9617a0000 - 0x00007ff9617aa000 	C:\Users\cupca\.p2\pool\plugins\org.eclipse.justj.openjdk.hotspot.jre.full.win32.x86_64_17.0.6.v20230204-1729\jre\bin\jimage.dll
0x00007ff975720000 - 0x00007ff975953000 	C:\WINDOWS\SYSTEM32\DBGHELP.DLL
0x00007ff97a0d0000 - 0x00007ff97a458000 	C:\WINDOWS\System32\combase.dll
0x00007ff97a850000 - 0x00007ff97a927000 	C:\WINDOWS\System32\OLEAUT32.dll
0x00007ff963ab0000 - 0x00007ff963ae2000 	C:\WINDOWS\SYSTEM32\dbgcore.DLL
0x00007ff9780e0000 - 0x00007ff978159000 	C:\WINDOWS\System32\bcryptPrimitives.dll
0x00007ff94f3b0000 - 0x00007ff94f3d5000 	C:\Users\cupca\.p2\pool\plugins\org.eclipse.justj.openjdk.hotspot.jre.full.win32.x86_64_17.0.6.v20230204-1729\jre\bin\java.dll

dbghelp: loaded successfully - version: 4.0.5 - missing functions: none
symbol engine: initialized successfully - sym options: 0x614 - pdb path: .;C:\Users\cupca\.p2\pool\plugins\org.eclipse.justj.openjdk.hotspot.jre.full.win32.x86_64_17.0.6.v20230204-1729\jre\bin;C:\WINDOWS\SYSTEM32;C:\WINDOWS\WinSxS\amd64_microsoft.windows.common-controls_6595b64144ccf1df_6.0.22621.3235_none_270f74e173860f98;C:\Users\cupca\.p2\pool\plugins\org.eclipse.justj.openjdk.hotspot.jre.full.win32.x86_64_17.0.6.v20230204-1729\jre\bin\server

VM Arguments:
jvm_args: -Dfile.encoding=UTF-8 -XX:+ShowCodeDetailsInExceptionMessages 
java_command: Problem3
java_class_path (initial): C:\Users\cupca\eclipse-workspace\ICS4U_Assignment_5\bin
Launcher Type: SUN_STANDARD

[Global flags]
     intx CICompilerCount                          = 4                                         {product} {ergonomic}
     uint ConcGCThreads                            = 2                                         {product} {ergonomic}
     uint G1ConcRefinementThreads                  = 8                                         {product} {ergonomic}
   size_t G1HeapRegionSize                         = 2097152                                   {product} {ergonomic}
    uintx GCDrainStackTargetSize                   = 64                                        {product} {ergonomic}
   size_t InitialHeapSize                          = 266338304                                 {product} {ergonomic}
   size_t MarkStackSize                            = 4194304                                   {product} {ergonomic}
   size_t MaxHeapSize                              = 4238344192                                {product} {ergonomic}
   size_t MinHeapDeltaBytes                        = 2097152                                   {product} {ergonomic}
   size_t MinHeapSize                              = 8388608                                   {product} {ergonomic}
    uintx NonNMethodCodeHeapSize                   = 5839372                                {pd product} {ergonomic}
    uintx NonProfiledCodeHeapSize                  = 122909434                              {pd product} {ergonomic}
    uintx ProfiledCodeHeapSize                     = 122909434                              {pd product} {ergonomic}
    uintx ReservedCodeCacheSize                    = 251658240                              {pd product} {ergonomic}
     bool SegmentedCodeCache                       = true                                      {product} {ergonomic}
     bool ShowCodeDetailsInExceptionMessages       = true                                   {manageable} {command line}
   size_t SoftMaxHeapSize                          = 4238344192                             {manageable} {ergonomic}
     bool UseCompressedClassPointers               = true                           {product lp64_product} {ergonomic}
     bool UseCompressedOops                        = true                           {product lp64_product} {ergonomic}
     bool UseG1GC                                  = true                                      {product} {ergonomic}
     bool UseLargePagesIndividualAllocation        = false                                  {pd product} {ergonomic}

Logging:
Log output configuration:
 #0: stdout all=warning uptime,level,tags
 #1: stderr all=off uptime,level,tags

Environment Variables:
JAVA_HOME=C:\Program Files\Java\jdk1.8.0_271
PATH=C:/Users/cupca/.p2/pool/plugins/org.eclipse.justj.openjdk.hotspot.jre.full.win32.x86_64_17.0.6.v20230204-1729/jre/bin/server;C:/Users/cupca/.p2/pool/plugins/org.eclipse.justj.openjdk.hotspot.jre.full.win32.x86_64_17.0.6.v20230204-1729/jre/bin;C:\WINDOWS\system32;C:\WINDOWS;C:\WINDOWS\System32\Wbem;C:\WINDOWS\System32\WindowsPowerShell\v1.0\;C:\WINDOWS\System32\OpenSSH\;C:\Program Files\Intel\WiFi\bin\;C:\Users\cupca\AppData\Local\Programs\Python\Python37\Scripts;C:\Program Files\Common Files\Intel\WirelessCommon\;C:\Program Files\Java\jdk1.8.0_271\bin;C:\Program Files\Microsoft SQL Server\Client SDK\ODBC\170\Tools\Binn\;C:\Program Files (x86)\Microsoft SQL Server\150\Tools\Binn\;C:\Program Files\Microsoft SQL Server\150\Tools\Binn\;C:\Program Files\Microsoft SQL Server\150\DTS\Binn\;C:\Program Files (x86)\Microsoft SQL Server\150\DTS\Binn\;C:\Apps\apache-ant-1.9.15\bin;C:\Program Files\dotnet\;C:\Program Files\Microsoft SQL Server\130\Tools\Binn\;C:\msys64\mingw64\bin;C:\Program Files\GitHub CLI\;C:\Program Files\nodejs\;C:\Users\cupca\AppData\Local\Programs\Python\Python37; C:\Users\cupca\AppData\Local\Programs\Python\Python37\Scripts;C:\Users\cupca\AppData\Local\Programs\Microsoft VS Code\bin;C:\Users\cupca\AppData\Local\Programs\MiKTeX\miktex\bin\x64\;C:\Program Files\JetBrains\IntelliJ IDEA Community Edition 2023.3.3\bin;;C:\WINDOWS\System32;
USERNAME=cupca
OS=Windows_NT
PROCESSOR_IDENTIFIER=Intel64 Family 6 Model 142 Stepping 12, GenuineIntel
TMP=C:\Users\cupca\AppData\Local\Temp
TEMP=C:\Users\cupca\AppData\Local\Temp



---------------  S Y S T E M  ---------------

OS:
 Windows 11 , 64 bit Build 22621 (10.0.22621.3374)
OS uptime: 10 days 8:22 hours
Hyper-V role detected

CPU: total 8 (initial active 8) (4 cores per cpu, 2 threads per core) family 6 model 142 stepping 12 microcode 0xde, cx8, cmov, fxsr, ht, mmx, 3dnowpref, sse, sse2, sse3, ssse3, sse4.1, sse4.2, popcnt, lzcnt, tsc, tscinvbit, avx, avx2, aes, erms, clmul, bmi1, bmi2, adx, fma, vzeroupper, clflush, clflushopt, hv

Memory: 4k page, system-wide physical 16163M (3799M free)
TotalPageFile size 36942M (AvailPageFile size 6M)
current process WorkingSet (physical memory assigned to process): 11M, peak: 11M
current process commit charge ("private bytes"): 60M, peak: 314M

vm_info: OpenJDK 64-Bit Server VM (17.0.6+10) for windows-amd64 JRE (17.0.6+10), built on Jan 18 2023 10:08:59 by "temurin" with MS VC++ 16.7 (VS2019)

END.
